2025-10-29T18:15:46: 
2025-10-29T18:15:46: > compl-ai@0.1.0 start
2025-10-29T18:15:46: > next start
2025-10-29T18:15:46: 
2025-10-29T18:15:46:    ▲ Next.js 15.1.5
2025-10-29T18:15:46:    - Local:        http://localhost:3000
2025-10-29T18:15:46:    - Network:      http://147.93.85.168:3000
2025-10-29T18:15:46: 
2025-10-29T18:15:46:  ✓ Starting...
2025-10-29T18:15:46:  ✓ Ready in 404ms
2025-10-29T18:22:32: 
2025-10-29T18:22:32: > compl-ai@0.1.0 start
2025-10-29T18:22:32: > next start
2025-10-29T18:22:32: 
2025-10-29T18:22:32:    ▲ Next.js 15.1.5
2025-10-29T18:22:32:    - Local:        http://localhost:3000
2025-10-29T18:22:32:    - Network:      http://147.93.85.168:3000
2025-10-29T18:22:32: 
2025-10-29T18:22:32:  ✓ Starting...
2025-10-29T18:22:32:  ✓ Ready in 412ms
2025-10-29T18:24:48: 
2025-10-29T18:24:48: > compl-ai@0.1.0 start
2025-10-29T18:24:48: > next start
2025-10-29T18:24:48: 
2025-10-29T18:24:48:    ▲ Next.js 15.1.5
2025-10-29T18:24:48:    - Local:        http://localhost:3000
2025-10-29T18:24:48:    - Network:      http://147.93.85.168:3000
2025-10-29T18:24:48: 
2025-10-29T18:24:48:  ✓ Starting...
2025-10-29T18:24:49:  ✓ Ready in 418ms
2025-10-29T18:24:53: 
2025-10-29T18:24:53: > compl-ai@0.1.0 start
2025-10-29T18:24:53: > next start
2025-10-29T18:24:53: 
2025-10-29T18:24:53:    ▲ Next.js 15.1.5
2025-10-29T18:24:53:    - Local:        http://localhost:3000
2025-10-29T18:24:53:    - Network:      http://147.93.85.168:3000
2025-10-29T18:24:53: 
2025-10-29T18:24:53:  ✓ Starting...
2025-10-29T18:24:53:  ✓ Ready in 422ms
2025-10-29T19:52:44: 
2025-10-29T19:52:44: > compl-ai@0.1.0 start
2025-10-29T19:52:44: > next start
2025-10-29T19:52:44: 
2025-10-29T19:52:44:    ▲ Next.js 15.1.5
2025-10-29T19:52:44:    - Local:        http://localhost:3000
2025-10-29T19:52:44:    - Network:      http://147.93.85.168:3000
2025-10-29T19:52:44: 
2025-10-29T19:52:44:  ✓ Starting...
2025-10-29T19:52:44:  ✓ Ready in 450ms
2025-10-29T19:55:06: 
2025-10-29T19:55:06: > compl-ai@0.1.0 start
2025-10-29T19:55:06: > next start
2025-10-29T19:55:06: 
2025-10-29T19:55:07:    ▲ Next.js 15.1.5
2025-10-29T19:55:07:    - Local:        http://localhost:3000
2025-10-29T19:55:07:    - Network:      http://147.93.85.168:3000
2025-10-29T19:55:07: 
2025-10-29T19:55:07:  ✓ Starting...
2025-10-29T19:55:07:  ✓ Ready in 452ms
2025-10-30T02:42:57: 
2025-10-30T02:42:57: > compl-ai@0.1.0 start
2025-10-30T02:42:57: > next start
2025-10-30T02:42:57: 
2025-10-30T02:42:58:    ▲ Next.js 15.1.5
2025-10-30T02:42:58:    - Local:        http://localhost:3000
2025-10-30T02:42:58:    - Network:      http://147.93.85.168:3000
2025-10-30T02:42:58: 
2025-10-30T02:42:58:  ✓ Starting...
2025-10-30T02:42:59:  ✓ Ready in 1903ms
2025-10-30T02:43:57: 
2025-10-30T02:43:57: > compl-ai@0.1.0 start
2025-10-30T02:43:57: > next start
2025-10-30T02:43:57: 
2025-10-30T02:43:57:    ▲ Next.js 15.1.5
2025-10-30T02:43:57:    - Local:        http://localhost:3000
2025-10-30T02:43:57:    - Network:      http://147.93.85.168:3000
2025-10-30T02:43:57: 
2025-10-30T02:43:57:  ✓ Starting...
2025-10-30T02:43:57:  ✓ Ready in 403ms
2025-10-30T02:49:49: 
2025-10-30T02:49:49: > compl-ai@0.1.0 start
2025-10-30T02:49:49: > next start
2025-10-30T02:49:49: 
2025-10-30T02:49:50:    ▲ Next.js 15.1.5
2025-10-30T02:49:50:    - Local:        http://localhost:3000
2025-10-30T02:49:50:    - Network:      http://147.93.85.168:3000
2025-10-30T02:49:50: 
2025-10-30T02:49:50:  ✓ Starting...
2025-10-30T02:49:50: 
2025-10-30T02:49:50: > compl-ai@0.1.0 start
2025-10-30T02:49:50: > next start
2025-10-30T02:49:50: 
2025-10-30T02:49:51:    ▲ Next.js 15.1.5
2025-10-30T02:49:51:    - Local:        http://localhost:3000
2025-10-30T02:49:51:    - Network:      http://147.93.85.168:3000
2025-10-30T02:49:51: 
2025-10-30T02:49:51:  ✓ Starting...
2025-10-30T02:49:51: 
2025-10-30T02:49:51: > compl-ai@0.1.0 start
2025-10-30T02:49:51: > next start
2025-10-30T02:49:51: 
2025-10-30T02:49:52:    ▲ Next.js 15.1.5
2025-10-30T02:49:52:    - Local:        http://localhost:3000
2025-10-30T02:49:52:    - Network:      http://147.93.85.168:3000
2025-10-30T02:49:52: 
2025-10-30T02:49:52:  ✓ Starting...
2025-10-30T02:49:52: 
2025-10-30T02:49:52: > compl-ai@0.1.0 start
2025-10-30T02:49:52: > next start
2025-10-30T02:49:52: 
2025-10-30T02:49:52:    ▲ Next.js 15.1.5
2025-10-30T02:49:52:    - Local:        http://localhost:3000
2025-10-30T02:49:52:    - Network:      http://147.93.85.168:3000
2025-10-30T02:49:52: 
2025-10-30T02:49:52:  ✓ Starting...
2025-10-30T02:49:53: 
2025-10-30T02:49:53: > compl-ai@0.1.0 start
2025-10-30T02:49:53: > next start
2025-10-30T02:49:53: 
2025-10-30T02:49:53:    ▲ Next.js 15.1.5
2025-10-30T02:49:53:    - Local:        http://localhost:3000
2025-10-30T02:49:53:    - Network:      http://147.93.85.168:3000
2025-10-30T02:49:53: 
2025-10-30T02:49:53:  ✓ Starting...
2025-10-30T02:49:53: 
2025-10-30T02:49:53: > compl-ai@0.1.0 start
2025-10-30T02:49:53: > next start
2025-10-30T02:49:53: 
2025-10-30T02:49:54:    ▲ Next.js 15.1.5
2025-10-30T02:49:54:    - Local:        http://localhost:3000
2025-10-30T02:49:54:    - Network:      http://147.93.85.168:3000
2025-10-30T02:49:54: 
2025-10-30T02:49:54:  ✓ Starting...
2025-10-30T02:49:54: 
2025-10-30T02:49:54: > compl-ai@0.1.0 start
2025-10-30T02:49:54: > next start
2025-10-30T02:49:54: 
2025-10-30T02:49:54:    ▲ Next.js 15.1.5
2025-10-30T02:49:54:    - Local:        http://localhost:3000
2025-10-30T02:49:54:    - Network:      http://147.93.85.168:3000
2025-10-30T02:49:54: 
2025-10-30T02:49:54:  ✓ Starting...
2025-10-30T02:49:55: 
2025-10-30T02:49:55: > compl-ai@0.1.0 start
2025-10-30T02:49:55: > next start
2025-10-30T02:49:55: 
2025-10-30T02:49:55:    ▲ Next.js 15.1.5
2025-10-30T02:49:55:    - Local:        http://localhost:3000
2025-10-30T02:49:55:    - Network:      http://147.93.85.168:3000
2025-10-30T02:49:55: 
2025-10-30T02:49:55:  ✓ Starting...
2025-10-30T02:49:55: 
2025-10-30T02:49:55: > compl-ai@0.1.0 start
2025-10-30T02:49:55: > next start
2025-10-30T02:49:55: 
2025-10-30T02:49:56:    ▲ Next.js 15.1.5
2025-10-30T02:49:56:    - Local:        http://localhost:3000
2025-10-30T02:49:56:    - Network:      http://147.93.85.168:3000
2025-10-30T02:49:56: 
2025-10-30T02:49:56:  ✓ Starting...
2025-10-30T02:49:56: 
2025-10-30T02:49:56: > compl-ai@0.1.0 start
2025-10-30T02:49:56: > next start
2025-10-30T02:49:56: 
2025-10-30T02:49:56:    ▲ Next.js 15.1.5
2025-10-30T02:49:56:    - Local:        http://localhost:3000
2025-10-30T02:49:56:    - Network:      http://147.93.85.168:3000
2025-10-30T02:49:56: 
2025-10-30T02:49:56:  ✓ Starting...
2025-10-30T02:50:42: 
2025-10-30T02:50:42: > compl-ai@0.1.0 start
2025-10-30T02:50:42: > next start
2025-10-30T02:50:42: 
2025-10-30T02:50:43:    ▲ Next.js 15.1.5
2025-10-30T02:50:43:    - Local:        http://localhost:3000
2025-10-30T02:50:43:    - Network:      http://147.93.85.168:3000
2025-10-30T02:50:43: 
2025-10-30T02:50:43:  ✓ Starting...
2025-10-30T02:50:43: 
2025-10-30T02:50:43: > compl-ai@0.1.0 start
2025-10-30T02:50:43: > next start
2025-10-30T02:50:43: 
2025-10-30T02:50:43:    ▲ Next.js 15.1.5
2025-10-30T02:50:43:    - Local:        http://localhost:3000
2025-10-30T02:50:43:    - Network:      http://147.93.85.168:3000
2025-10-30T02:50:43: 
2025-10-30T02:50:43:  ✓ Starting...
2025-10-30T02:50:44: 
2025-10-30T02:50:44: > compl-ai@0.1.0 start
2025-10-30T02:50:44: > next start
2025-10-30T02:50:44: 
2025-10-30T02:50:44:    ▲ Next.js 15.1.5
2025-10-30T02:50:44:    - Local:        http://localhost:3000
2025-10-30T02:50:44:    - Network:      http://147.93.85.168:3000
2025-10-30T02:50:44: 
2025-10-30T02:50:44:  ✓ Starting...
2025-10-30T02:50:44: 
2025-10-30T02:50:44: > compl-ai@0.1.0 start
2025-10-30T02:50:44: > next start
2025-10-30T02:50:44: 
2025-10-30T02:50:45:    ▲ Next.js 15.1.5
2025-10-30T02:50:45:    - Local:        http://localhost:3000
2025-10-30T02:50:45:    - Network:      http://147.93.85.168:3000
2025-10-30T02:50:45: 
2025-10-30T02:50:45:  ✓ Starting...
2025-10-30T02:50:45: 
2025-10-30T02:50:45: > compl-ai@0.1.0 start
2025-10-30T02:50:45: > next start
2025-10-30T02:50:45: 
2025-10-30T02:50:45:    ▲ Next.js 15.1.5
2025-10-30T02:50:45:    - Local:        http://localhost:3000
2025-10-30T02:50:45:    - Network:      http://147.93.85.168:3000
2025-10-30T02:50:45: 
2025-10-30T02:50:45:  ✓ Starting...
2025-10-30T02:50:46: 
2025-10-30T02:50:46: > compl-ai@0.1.0 start
2025-10-30T02:50:46: > next start
2025-10-30T02:50:46: 
2025-10-30T02:50:46:    ▲ Next.js 15.1.5
2025-10-30T02:50:46:    - Local:        http://localhost:3000
2025-10-30T02:50:46:    - Network:      http://147.93.85.168:3000
2025-10-30T02:50:46: 
2025-10-30T02:50:46:  ✓ Starting...
2025-10-30T02:50:46: 
2025-10-30T02:50:46: > compl-ai@0.1.0 start
2025-10-30T02:50:46: > next start
2025-10-30T02:50:46: 
2025-10-30T02:50:47:    ▲ Next.js 15.1.5
2025-10-30T02:50:47:    - Local:        http://localhost:3000
2025-10-30T02:50:47:    - Network:      http://147.93.85.168:3000
2025-10-30T02:50:47: 
2025-10-30T02:50:47:  ✓ Starting...
2025-10-30T02:50:47: 
2025-10-30T02:50:47: > compl-ai@0.1.0 start
2025-10-30T02:50:47: > next start
2025-10-30T02:50:47: 
2025-10-30T02:50:47:    ▲ Next.js 15.1.5
2025-10-30T02:50:47:    - Local:        http://localhost:3000
2025-10-30T02:50:47:    - Network:      http://147.93.85.168:3000
2025-10-30T02:50:47: 
2025-10-30T02:50:47:  ✓ Starting...
2025-10-30T02:50:48: 
2025-10-30T02:50:48: > compl-ai@0.1.0 start
2025-10-30T02:50:48: > next start
2025-10-30T02:50:48: 
2025-10-30T02:50:48:    ▲ Next.js 15.1.5
2025-10-30T02:50:48:    - Local:        http://localhost:3000
2025-10-30T02:50:48:    - Network:      http://147.93.85.168:3000
2025-10-30T02:50:48: 
2025-10-30T02:50:48:  ✓ Starting...
2025-10-30T02:50:48: 
2025-10-30T02:50:48: > compl-ai@0.1.0 start
2025-10-30T02:50:48: > next start
2025-10-30T02:50:48: 
2025-10-30T02:50:49:    ▲ Next.js 15.1.5
2025-10-30T02:50:49:    - Local:        http://localhost:3000
2025-10-30T02:50:49:    - Network:      http://147.93.85.168:3000
2025-10-30T02:50:49: 
2025-10-30T02:50:49:  ✓ Starting...
2025-10-30T02:58:00: 
2025-10-30T02:58:00: > compl-ai@0.1.0 start
2025-10-30T02:58:00: > next start
2025-10-30T02:58:00: 
2025-10-30T02:58:00:    ▲ Next.js 15.1.5
2025-10-30T02:58:00:    - Local:        http://localhost:3000
2025-10-30T02:58:00:    - Network:      http://147.93.85.168:3000
2025-10-30T02:58:00: 
2025-10-30T02:58:00:  ✓ Starting...
2025-10-30T02:58:00:  ✓ Ready in 473ms
2025-10-30T03:03:04: 
2025-10-30T03:03:04: > compl-ai@0.1.0 start
2025-10-30T03:03:04: > next start
2025-10-30T03:03:04: 
2025-10-30T03:03:04:    ▲ Next.js 15.1.5
2025-10-30T03:03:04:    - Local:        http://localhost:3000
2025-10-30T03:03:04:    - Network:      http://147.93.85.168:3000
2025-10-30T03:03:04: 
2025-10-30T03:03:04:  ✓ Starting...
2025-10-30T03:03:04:  ✓ Ready in 395ms
2025-10-30T16:53:41: 
2025-10-30T16:53:41: > compl-ai@0.1.0 start
2025-10-30T16:53:41: > next start
2025-10-30T16:53:41: 
2025-10-30T16:53:41:    ▲ Next.js 15.1.5
2025-10-30T16:53:41:    - Local:        http://localhost:3000
2025-10-30T16:53:41:    - Network:      http://147.93.85.168:3000
2025-10-30T16:53:41: 
2025-10-30T16:53:41:  ✓ Starting...
2025-10-30T16:53:42:  ✓ Ready in 1134ms
2025-10-30T16:56:50: 
2025-10-30T16:56:50: > compl-ai@0.1.0 start
2025-10-30T16:56:50: > next start
2025-10-30T16:56:50: 
2025-10-30T16:56:50:    ▲ Next.js 15.1.5
2025-10-30T16:56:50:    - Local:        http://localhost:3000
2025-10-30T16:56:50:    - Network:      http://147.93.85.168:3000
2025-10-30T16:56:50: 
2025-10-30T16:56:50:  ✓ Starting...
2025-10-30T16:56:51:  ✓ Ready in 478ms
2025-11-05T02:20:41: 
2025-11-05T02:20:41: > compl-ai@0.1.0 start
2025-11-05T02:20:41: > next start
2025-11-05T02:20:41: 
2025-11-05T02:20:42:    ▲ Next.js 15.1.5
2025-11-05T02:20:42:    - Local:        http://localhost:3000
2025-11-05T02:20:42:    - Network:      http://147.93.85.168:3000
2025-11-05T02:20:42: 
2025-11-05T02:20:42:  ✓ Starting...
2025-11-05T02:20:43:  ✓ Ready in 1874ms
2025-11-05T02:22:26: 
2025-11-05T02:22:26: > compl-ai@0.1.0 start
2025-11-05T02:22:26: > next start
2025-11-05T02:22:26: 
2025-11-05T02:22:27:    ▲ Next.js 15.1.5
2025-11-05T02:22:27:    - Local:        http://localhost:3000
2025-11-05T02:22:27:    - Network:      http://147.93.85.168:3000
2025-11-05T02:22:27: 
2025-11-05T02:22:27:  ✓ Starting...
2025-11-05T02:22:27:  ✓ Ready in 424ms
2025-11-06T04:05:38: 
2025-11-06T04:05:38: > compl-ai@0.1.0 start
2025-11-06T04:05:38: > next start
2025-11-06T04:05:38: 
2025-11-06T04:05:39:    ▲ Next.js 15.1.5
2025-11-06T04:05:39:    - Local:        http://localhost:3000
2025-11-06T04:05:39:    - Network:      http://147.93.85.168:3000
2025-11-06T04:05:39: 
2025-11-06T04:05:39:  ✓ Starting...
2025-11-06T04:05:39:  ✓ Ready in 1492ms
2025-11-06T05:46:42: 
2025-11-06T05:46:42: > compl-ai@0.1.0 start
2025-11-06T05:46:42: > next start
2025-11-06T05:46:42: 
2025-11-06T05:46:42:    ▲ Next.js 15.1.5
2025-11-06T05:46:42:    - Local:        http://localhost:3000
2025-11-06T05:46:42:    - Network:      http://147.93.85.168:3000
2025-11-06T05:46:42: 
2025-11-06T05:46:42:  ✓ Starting...
2025-11-06T05:46:42:  ✓ Ready in 584ms
2025-11-07T05:08:45: 
2025-11-07T05:08:45: > compl-ai@0.1.0 start
2025-11-07T05:08:45: > next start
2025-11-07T05:08:45: 
2025-11-07T05:08:46:    ▲ Next.js 15.1.5
2025-11-07T05:08:46:    - Local:        http://localhost:3000
2025-11-07T05:08:46:    - Network:      http://147.93.85.168:3000
2025-11-07T05:08:46: 
2025-11-07T05:08:46:  ✓ Starting...
2025-11-07T05:08:46:  ✓ Ready in 1206ms
2025-11-07T05:17:53: 
2025-11-07T05:17:53: > compl-ai@0.1.0 start
2025-11-07T05:17:53: > next start
2025-11-07T05:17:53: 
2025-11-07T05:17:54:    ▲ Next.js 15.1.5
2025-11-07T05:17:54:    - Local:        http://localhost:3000
2025-11-07T05:17:54:    - Network:      http://147.93.85.168:3000
2025-11-07T05:17:54: 
2025-11-07T05:17:54:  ✓ Starting...
2025-11-07T05:17:54:  ✓ Ready in 403ms
2025-11-07T05:41:53: 
2025-11-07T05:41:53: > compl-ai@0.1.0 start
2025-11-07T05:41:53: > next start
2025-11-07T05:41:53: 
2025-11-07T05:41:54:    ▲ Next.js 15.1.5
2025-11-07T05:41:54:    - Local:        http://localhost:3000
2025-11-07T05:41:54:    - Network:      http://147.93.85.168:3000
2025-11-07T05:41:54: 
2025-11-07T05:41:54:  ✓ Starting...
2025-11-07T05:41:54:  ✓ Ready in 397ms
2025-11-07T07:24:03: 
2025-11-07T07:24:03: > compl-ai@0.1.0 start
2025-11-07T07:24:03: > next start
2025-11-07T07:24:03: 
2025-11-07T07:24:03:    ▲ Next.js 15.1.5
2025-11-07T07:24:03:    - Local:        http://localhost:3000
2025-11-07T07:24:03:    - Network:      http://147.93.85.168:3000
2025-11-07T07:24:03: 
2025-11-07T07:24:03:  ✓ Starting...
2025-11-07T07:24:04:  ✓ Ready in 666ms
2025-11-09T12:31:05: 
2025-11-09T12:31:05: > compl-ai@0.1.0 start
2025-11-09T12:31:05: > next start
2025-11-09T12:31:05: 
2025-11-09T12:31:06:    ▲ Next.js 15.1.5
2025-11-09T12:31:06:    - Local:        http://localhost:3000
2025-11-09T12:31:06:    - Network:      http://147.93.85.168:3000
2025-11-09T12:31:06: 
2025-11-09T12:31:06:  ✓ Starting...
2025-11-09T12:31:07:  ✓ Ready in 1543ms
2025-11-09T16:06:37: 
2025-11-09T16:06:37: > compl-ai@0.1.0 start
2025-11-09T16:06:37: > next start
2025-11-09T16:06:37: 
2025-11-09T16:06:38:    ▲ Next.js 15.1.5
2025-11-09T16:06:38:    - Local:        http://localhost:3000
2025-11-09T16:06:38:    - Network:      http://147.93.85.168:3000
2025-11-09T16:06:38: 
2025-11-09T16:06:38:  ✓ Starting...
2025-11-09T16:06:39:  ✓ Ready in 1273ms
2025-11-09T16:20:22: 
2025-11-09T16:20:22: > compl-ai@0.1.0 start
2025-11-09T16:20:22: > next start
2025-11-09T16:20:22: 
2025-11-09T16:20:22:    ▲ Next.js 15.1.5
2025-11-09T16:20:22:    - Local:        http://localhost:3000
2025-11-09T16:20:22:    - Network:      http://147.93.85.168:3000
2025-11-09T16:20:22: 
2025-11-09T16:20:22:  ✓ Starting...
2025-11-09T16:20:23:  ✓ Ready in 450ms
2025-11-09T17:29:56: 
2025-11-09T17:29:56: > compl-ai@0.1.0 start
2025-11-09T17:29:56: > next start
2025-11-09T17:29:56: 
2025-11-09T17:29:56:    ▲ Next.js 15.1.5
2025-11-09T17:29:56:    - Local:        http://localhost:3000
2025-11-09T17:29:56:    - Network:      http://147.93.85.168:3000
2025-11-09T17:29:56: 
2025-11-09T17:29:56:  ✓ Starting...
2025-11-09T17:29:56:  ✓ Ready in 488ms
2025-11-09T17:32:22: 
2025-11-09T17:32:22: > compl-ai@0.1.0 start
2025-11-09T17:32:22: > next start
2025-11-09T17:32:22: 
2025-11-09T17:32:22:    ▲ Next.js 15.1.5
2025-11-09T17:32:22:    - Local:        http://localhost:3000
2025-11-09T17:32:22:    - Network:      http://147.93.85.168:3000
2025-11-09T17:32:22: 
2025-11-09T17:32:22:  ✓ Starting...
2025-11-09T17:32:23:  ✓ Ready in 480ms
